[2024-11-28 10:17:58] local.ERROR: Call to undefined method App\Http\Controllers\Api\PostController::store() {"exception":"[object] (Error(code: 0): Call to undefined method App\\Http\\Controllers\\Api\\PostController::store() at D:\\AL FITRA\\STUDI UMM\\SEMESTER 5\\PRAKTIKUM\\PEMROGRAMAN WEB\\SOURCE CODE PROGRAM\\PEMROGRAMAN WEB\\modul5laravel11\\vendor\\laravel\\framework\\src\\Illuminate\\Routing\\ControllerDispatcher.php:46)
[stacktrace]
#0 D:\\AL FITRA\\STUDI UMM\\SEMESTER 5\\PRAKTIKUM\\PEMROGRAMAN WEB\\SOURCE CODE PROGRAM\\PEMROGRAMAN WEB\\modul5laravel11\\vendor\\laravel\\framework\\src\\Illuminate\\Routing\\Route.php(265): Illuminate\\Routing\\ControllerDispatcher->dispatch(Object(Illuminate\\Routing\\Route), Object(App\\Http\\Controllers\\Api\\PostController), 'store')
#1 D:\\AL FITRA\\STUDI UMM\\SEMESTER 5\\PRAKTIKUM\\PEMROGRAMAN WEB\\SOURCE CODE PROGRAM\\PEMROGRAMAN WEB\\modul5laravel11\\vendor\\laravel\\framework\\src\\Illuminate\\Routing\\Route.php(211): Illuminate\\Routing\\Route->runController()
#2 D:\\AL FITRA\\STUDI UMM\\SEMESTER 5\\PRAKTIKUM\\PEMROGRAMAN WEB\\SOURCE CODE PROGRAM\\PEMROGRAMAN WEB\\modul5laravel11\\vendor\\laravel\\framework\\src\\Illuminate\\Routing\\Router.php(808): Illuminate\\Routing\\Route->run()
#3 D:\\AL FITRA\\STUDI UMM\\SEMESTER 5\\PRAKTIKUM\\PEMROGRAMAN WEB\\SOURCE CODE PROGRAM\\PEMROGRAMAN WEB\\modul5laravel11\\vendor\\laravel\\framework\\src\\Illuminate\\Pipeline\\Pipeline.php(144): Illuminate\\Routing\\Router->Illuminate\\Routing\\{closure}(Object(Illuminate\\Http\\Request))
#4 D:\\AL FITRA\\STUDI UMM\\SEMESTER 5\\PRAKTIKUM\\PEMROGRAMAN WEB\\SOURCE CODE PROGRAM\\PEMROGRAMAN WEB\\modul5laravel11\\vendor\\laravel\\framework\\src\\Illuminate\\Routing\\Middleware\\SubstituteBindings.php(51): Illuminate\\Pipeline\\Pipeline->Illuminate\\Pipeline\\{closure}(Object(Illuminate\\Http\\Request))
#5 D:\\AL FITRA\\STUDI UMM\\SEMESTER 5\\PRAKTIKUM\\PEMROGRAMAN WEB\\SOURCE CODE PROGRAM\\PEMROGRAMAN WEB\\modul5laravel11\\vendor\\laravel\\framework\\src\\Illuminate\\Pipeline\\Pipeline.php(183): Illuminate\\Routing\\Middleware\\SubstituteBindings->handle(Object(Illuminate\\Http\\Request), Object(Closure))
#6 D:\\AL FITRA\\STUDI UMM\\SEMESTER 5\\PRAKTIKUM\\PEMROGRAMAN WEB\\SOURCE CODE PROGRAM\\PEMROGRAMAN WEB\\modul5laravel11\\vendor\\laravel\\framework\\src\\Illuminate\\Pipeline\\Pipeline.php(119): Illuminate\\Pipeline\\Pipeline->Illuminate\\Pipeline\\{closure}(Object(Illuminate\\Http\\Request))
#7 D:\\AL FITRA\\STUDI UMM\\SEMESTER 5\\PRAKTIKUM\\PEMROGRAMAN WEB\\SOURCE CODE PROGRAM\\PEMROGRAMAN WEB\\modul5laravel11\\vendor\\laravel\\framework\\src\\Illuminate\\Routing\\Router.php(807): Illuminate\\Pipeline\\Pipeline->then(Object(Closure))
#8 D:\\AL FITRA\\STUDI UMM\\SEMESTER 5\\PRAKTIKUM\\PEMROGRAMAN WEB\\SOURCE CODE PROGRAM\\PEMROGRAMAN WEB\\modul5laravel11\\vendor\\laravel\\framework\\src\\Illuminate\\Routing\\Router.php(786): Illuminate\\Routing\\Router->runRouteWithinStack(Object(Illuminate\\Routing\\Route), Object(Illuminate\\Http\\Request))
#9 D:\\AL FITRA\\STUDI UMM\\SEMESTER 5\\PRAKTIKUM\\PEMROGRAMAN WEB\\SOURCE CODE PROGRAM\\PEMROGRAMAN WEB\\modul5laravel11\\vendor\\laravel\\framework\\src\\Illuminate\\Routing\\Router.php(750): Illuminate\\Routing\\Router->runRoute(Object(Illuminate\\Http\\Request), Object(Illuminate\\Routing\\Route))
#10 D:\\AL FITRA\\STUDI UMM\\SEMESTER 5\\PRAKTIKUM\\PEMROGRAMAN WEB\\SOURCE CODE PROGRAM\\PEMROGRAMAN WEB\\modul5laravel11\\vendor\\laravel\\framework\\src\\Illuminate\\Routing\\Router.php(739): Illuminate\\Routing\\Router->dispatchToRoute(Object(Illuminate\\Http\\Request))
#11 D:\\AL FITRA\\STUDI UMM\\SEMESTER 5\\PRAKTIKUM\\PEMROGRAMAN WEB\\SOURCE CODE PROGRAM\\PEMROGRAMAN WEB\\modul5laravel11\\vendor\\laravel\\framework\\src\\Illuminate\\Foundation\\Http\\Kernel.php(201): Illuminate\\Routing\\Router->dispatch(Object(Illuminate\\Http\\Request))
#12 D:\\AL FITRA\\STUDI UMM\\SEMESTER 5\\PRAKTIKUM\\PEMROGRAMAN WEB\\SOURCE CODE PROGRAM\\PEMROGRAMAN WEB\\modul5laravel11\\vendor\\laravel\\framework\\src\\Illuminate\\Pipeline\\Pipeline.php(144): Illuminate\\Foundation\\Http\\Kernel->Illuminate\\Foundation\\Http\\{closure}(Object(Illuminate\\Http\\Request))
#13 D:\\AL FITRA\\STUDI UMM\\SEMESTER 5\\PRAKTIKUM\\PEMROGRAMAN WEB\\SOURCE CODE PROGRAM\\PEMROGRAMAN WEB\\modul5laravel11\\vendor\\laravel\\framework\\src\\Illuminate\\Foundation\\Http\\Middleware\\TransformsRequest.php(21): Illuminate\\Pipeline\\Pipeline->Illuminate\\Pipeline\\{closure}(Object(Illuminate\\Http\\Request))
#14 D:\\AL FITRA\\STUDI UMM\\SEMESTER 5\\PRAKTIKUM\\PEMROGRAMAN WEB\\SOURCE CODE PROGRAM\\PEMROGRAMAN WEB\\modul5laravel11\\vendor\\laravel\\framework\\src\\Illuminate\\Foundation\\Http\\Middleware\\ConvertEmptyStringsToNull.php(31): Illuminate\\Foundation\\Http\\Middleware\\TransformsRequest->handle(Object(Illuminate\\Http\\Request), Object(Closure))
#15 D:\\AL FITRA\\STUDI UMM\\SEMESTER 5\\PRAKTIKUM\\PEMROGRAMAN WEB\\SOURCE CODE PROGRAM\\PEMROGRAMAN WEB\\modul5laravel11\\vendor\\laravel\\framework\\src\\Illuminate\\Pipeline\\Pipeline.php(183): Illuminate\\Foundation\\Http\\Middleware\\ConvertEmptyStringsToNull->handle(Object(Illuminate\\Http\\Request), Object(Closure))
#16 D:\\AL FITRA\\STUDI UMM\\SEMESTER 5\\PRAKTIKUM\\PEMROGRAMAN WEB\\SOURCE CODE PROGRAM\\PEMROGRAMAN WEB\\modul5laravel11\\vendor\\laravel\\framework\\src\\Illuminate\\Foundation\\Http\\Middleware\\TransformsRequest.php(21): Illuminate\\Pipeline\\Pipeline->Illuminate\\Pipeline\\{closure}(Object(Illuminate\\Http\\Request))
#17 D:\\AL FITRA\\STUDI UMM\\SEMESTER 5\\PRAKTIKUM\\PEMROGRAMAN WEB\\SOURCE CODE PROGRAM\\PEMROGRAMAN WEB\\modul5laravel11\\vendor\\laravel\\framework\\src\\Illuminate\\Foundation\\Http\\Middleware\\TrimStrings.php(51): Illuminate\\Foundation\\Http\\Middleware\\TransformsRequest->handle(Object(Illuminate\\Http\\Request), Object(Closure))
#18 D:\\AL FITRA\\STUDI UMM\\SEMESTER 5\\PRAKTIKUM\\PEMROGRAMAN WEB\\SOURCE CODE PROGRAM\\PEMROGRAMAN WEB\\modul5laravel11\\vendor\\laravel\\framework\\src\\Illuminate\\Pipeline\\Pipeline.php(183): Illuminate\\Foundation\\Http\\Middleware\\TrimStrings->handle(Object(Illuminate\\Http\\Request), Object(Closure))
#19 D:\\AL FITRA\\STUDI UMM\\SEMESTER 5\\PRAKTIKUM\\PEMROGRAMAN WEB\\SOURCE CODE PROGRAM\\PEMROGRAMAN WEB\\modul5laravel11\\vendor\\laravel\\framework\\src\\Illuminate\\Http\\Middleware\\ValidatePostSize.php(27): Illuminate\\Pipeline\\Pipeline->Illuminate\\Pipeline\\{closure}(Object(Illuminate\\Http\\Request))
#20 D:\\AL FITRA\\STUDI UMM\\SEMESTER 5\\PRAKTIKUM\\PEMROGRAMAN WEB\\SOURCE CODE PROGRAM\\PEMROGRAMAN WEB\\modul5laravel11\\vendor\\laravel\\framework\\src\\Illuminate\\Pipeline\\Pipeline.php(183): Illuminate\\Http\\Middleware\\ValidatePostSize->handle(Object(Illuminate\\Http\\Request), Object(Closure))
#21 D:\\AL FITRA\\STUDI UMM\\SEMESTER 5\\PRAKTIKUM\\PEMROGRAMAN WEB\\SOURCE CODE PROGRAM\\PEMROGRAMAN WEB\\modul5laravel11\\vendor\\laravel\\framework\\src\\Illuminate\\Foundation\\Http\\Middleware\\PreventRequestsDuringMaintenance.php(110): Illuminate\\Pipeline\\Pipeline->Illuminate\\Pipeline\\{closure}(Object(Illuminate\\Http\\Request))
#22 D:\\AL FITRA\\STUDI UMM\\SEMESTER 5\\PRAKTIKUM\\PEMROGRAMAN WEB\\SOURCE CODE PROGRAM\\PEMROGRAMAN WEB\\modul5laravel11\\vendor\\laravel\\framework\\src\\Illuminate\\Pipeline\\Pipeline.php(183): Illuminate\\Foundation\\Http\\Middleware\\PreventRequestsDuringMaintenance->handle(Object(Illuminate\\Http\\Request), Object(Closure))
#23 D:\\AL FITRA\\STUDI UMM\\SEMESTER 5\\PRAKTIKUM\\PEMROGRAMAN WEB\\SOURCE CODE PROGRAM\\PEMROGRAMAN WEB\\modul5laravel11\\vendor\\laravel\\framework\\src\\Illuminate\\Http\\Middleware\\HandleCors.php(62): Illuminate\\Pipeline\\Pipeline->Illuminate\\Pipeline\\{closure}(Object(Illuminate\\Http\\Request))
#24 D:\\AL FITRA\\STUDI UMM\\SEMESTER 5\\PRAKTIKUM\\PEMROGRAMAN WEB\\SOURCE CODE PROGRAM\\PEMROGRAMAN WEB\\modul5laravel11\\vendor\\laravel\\framework\\src\\Illuminate\\Pipeline\\Pipeline.php(183): Illuminate\\Http\\Middleware\\HandleCors->handle(Object(Illuminate\\Http\\Request), Object(Closure))
#25 D:\\AL FITRA\\STUDI UMM\\SEMESTER 5\\PRAKTIKUM\\PEMROGRAMAN WEB\\SOURCE CODE PROGRAM\\PEMROGRAMAN WEB\\modul5laravel11\\vendor\\laravel\\framework\\src\\Illuminate\\Http\\Middleware\\TrustProxies.php(58): Illuminate\\Pipeline\\Pipeline->Illuminate\\Pipeline\\{closure}(Object(Illuminate\\Http\\Request))
#26 D:\\AL FITRA\\STUDI UMM\\SEMESTER 5\\PRAKTIKUM\\PEMROGRAMAN WEB\\SOURCE CODE PROGRAM\\PEMROGRAMAN WEB\\modul5laravel11\\vendor\\laravel\\framework\\src\\Illuminate\\Pipeline\\Pipeline.php(183): Illuminate\\Http\\Middleware\\TrustProxies->handle(Object(Illuminate\\Http\\Request), Object(Closure))
#27 D:\\AL FITRA\\STUDI UMM\\SEMESTER 5\\PRAKTIKUM\\PEMROGRAMAN WEB\\SOURCE CODE PROGRAM\\PEMROGRAMAN WEB\\modul5laravel11\\vendor\\laravel\\framework\\src\\Illuminate\\Foundation\\Http\\Middleware\\InvokeDeferredCallbacks.php(22): Illuminate\\Pipeline\\Pipeline->Illuminate\\Pipeline\\{closure}(Object(Illuminate\\Http\\Request))
#28 D:\\AL FITRA\\STUDI UMM\\SEMESTER 5\\PRAKTIKUM\\PEMROGRAMAN WEB\\SOURCE CODE PROGRAM\\PEMROGRAMAN WEB\\modul5laravel11\\vendor\\laravel\\framework\\src\\Illuminate\\Pipeline\\Pipeline.php(183): Illuminate\\Foundation\\Http\\Middleware\\InvokeDeferredCallbacks->handle(Object(Illuminate\\Http\\Request), Object(Closure))
#29 D:\\AL FITRA\\STUDI UMM\\SEMESTER 5\\PRAKTIKUM\\PEMROGRAMAN WEB\\SOURCE CODE PROGRAM\\PEMROGRAMAN WEB\\modul5laravel11\\vendor\\laravel\\framework\\src\\Illuminate\\Pipeline\\Pipeline.php(119): Illuminate\\Pipeline\\Pipeline->Illuminate\\Pipeline\\{closure}(Object(Illuminate\\Http\\Request))
#30 D:\\AL FITRA\\STUDI UMM\\SEMESTER 5\\PRAKTIKUM\\PEMROGRAMAN WEB\\SOURCE CODE PROGRAM\\PEMROGRAMAN WEB\\modul5laravel11\\vendor\\laravel\\framework\\src\\Illuminate\\Foundation\\Http\\Kernel.php(176): Illuminate\\Pipeline\\Pipeline->then(Object(Closure))
#31 D:\\AL FITRA\\STUDI UMM\\SEMESTER 5\\PRAKTIKUM\\PEMROGRAMAN WEB\\SOURCE CODE PROGRAM\\PEMROGRAMAN WEB\\modul5laravel11\\vendor\\laravel\\framework\\src\\Illuminate\\Foundation\\Http\\Kernel.php(145): Illuminate\\Foundation\\Http\\Kernel->sendRequestThroughRouter(Object(Illuminate\\Http\\Request))
#32 D:\\AL FITRA\\STUDI UMM\\SEMESTER 5\\PRAKTIKUM\\PEMROGRAMAN WEB\\SOURCE CODE PROGRAM\\PEMROGRAMAN WEB\\modul5laravel11\\vendor\\laravel\\framework\\src\\Illuminate\\Foundation\\Application.php(1190): Illuminate\\Foundation\\Http\\Kernel->handle(Object(Illuminate\\Http\\Request))
#33 D:\\AL FITRA\\STUDI UMM\\SEMESTER 5\\PRAKTIKUM\\PEMROGRAMAN WEB\\SOURCE CODE PROGRAM\\PEMROGRAMAN WEB\\modul5laravel11\\public\\index.php(17): Illuminate\\Foundation\\Application->handleRequest(Object(Illuminate\\Http\\Request))
#34 D:\\AL FITRA\\STUDI UMM\\SEMESTER 5\\PRAKTIKUM\\PEMROGRAMAN WEB\\SOURCE CODE PROGRAM\\PEMROGRAMAN WEB\\modul5laravel11\\vendor\\laravel\\framework\\src\\Illuminate\\Foundation\\resources\\server.php(23): require_once('D:\\\\AL FITRA\\\\STU...')
#35 {main}
"} 
[2024-11-28 10:22:08] local.ERROR: Call to undefined method App\Http\Controllers\Api\PostController::store() {"exception":"[object] (Error(code: 0): Call to undefined method App\\Http\\Controllers\\Api\\PostController::store() at D:\\AL FITRA\\STUDI UMM\\SEMESTER 5\\PRAKTIKUM\\PEMROGRAMAN WEB\\SOURCE CODE PROGRAM\\PEMROGRAMAN WEB\\modul5laravel11\\vendor\\laravel\\framework\\src\\Illuminate\\Routing\\ControllerDispatcher.php:46)
[stacktrace]
#0 D:\\AL FITRA\\STUDI UMM\\SEMESTER 5\\PRAKTIKUM\\PEMROGRAMAN WEB\\SOURCE CODE PROGRAM\\PEMROGRAMAN WEB\\modul5laravel11\\vendor\\laravel\\framework\\src\\Illuminate\\Routing\\Route.php(265): Illuminate\\Routing\\ControllerDispatcher->dispatch(Object(Illuminate\\Routing\\Route), Object(App\\Http\\Controllers\\Api\\PostController), 'store')
#1 D:\\AL FITRA\\STUDI UMM\\SEMESTER 5\\PRAKTIKUM\\PEMROGRAMAN WEB\\SOURCE CODE PROGRAM\\PEMROGRAMAN WEB\\modul5laravel11\\vendor\\laravel\\framework\\src\\Illuminate\\Routing\\Route.php(211): Illuminate\\Routing\\Route->runController()
#2 D:\\AL FITRA\\STUDI UMM\\SEMESTER 5\\PRAKTIKUM\\PEMROGRAMAN WEB\\SOURCE CODE PROGRAM\\PEMROGRAMAN WEB\\modul5laravel11\\vendor\\laravel\\framework\\src\\Illuminate\\Routing\\Router.php(808): Illuminate\\Routing\\Route->run()
#3 D:\\AL FITRA\\STUDI UMM\\SEMESTER 5\\PRAKTIKUM\\PEMROGRAMAN WEB\\SOURCE CODE PROGRAM\\PEMROGRAMAN WEB\\modul5laravel11\\vendor\\laravel\\framework\\src\\Illuminate\\Pipeline\\Pipeline.php(144): Illuminate\\Routing\\Router->Illuminate\\Routing\\{closure}(Object(Illuminate\\Http\\Request))
#4 D:\\AL FITRA\\STUDI UMM\\SEMESTER 5\\PRAKTIKUM\\PEMROGRAMAN WEB\\SOURCE CODE PROGRAM\\PEMROGRAMAN WEB\\modul5laravel11\\vendor\\laravel\\framework\\src\\Illuminate\\Routing\\Middleware\\SubstituteBindings.php(51): Illuminate\\Pipeline\\Pipeline->Illuminate\\Pipeline\\{closure}(Object(Illuminate\\Http\\Request))
#5 D:\\AL FITRA\\STUDI UMM\\SEMESTER 5\\PRAKTIKUM\\PEMROGRAMAN WEB\\SOURCE CODE PROGRAM\\PEMROGRAMAN WEB\\modul5laravel11\\vendor\\laravel\\framework\\src\\Illuminate\\Pipeline\\Pipeline.php(183): Illuminate\\Routing\\Middleware\\SubstituteBindings->handle(Object(Illuminate\\Http\\Request), Object(Closure))
#6 D:\\AL FITRA\\STUDI UMM\\SEMESTER 5\\PRAKTIKUM\\PEMROGRAMAN WEB\\SOURCE CODE PROGRAM\\PEMROGRAMAN WEB\\modul5laravel11\\vendor\\laravel\\framework\\src\\Illuminate\\Pipeline\\Pipeline.php(119): Illuminate\\Pipeline\\Pipeline->Illuminate\\Pipeline\\{closure}(Object(Illuminate\\Http\\Request))
#7 D:\\AL FITRA\\STUDI UMM\\SEMESTER 5\\PRAKTIKUM\\PEMROGRAMAN WEB\\SOURCE CODE PROGRAM\\PEMROGRAMAN WEB\\modul5laravel11\\vendor\\laravel\\framework\\src\\Illuminate\\Routing\\Router.php(807): Illuminate\\Pipeline\\Pipeline->then(Object(Closure))
#8 D:\\AL FITRA\\STUDI UMM\\SEMESTER 5\\PRAKTIKUM\\PEMROGRAMAN WEB\\SOURCE CODE PROGRAM\\PEMROGRAMAN WEB\\modul5laravel11\\vendor\\laravel\\framework\\src\\Illuminate\\Routing\\Router.php(786): Illuminate\\Routing\\Router->runRouteWithinStack(Object(Illuminate\\Routing\\Route), Object(Illuminate\\Http\\Request))
#9 D:\\AL FITRA\\STUDI UMM\\SEMESTER 5\\PRAKTIKUM\\PEMROGRAMAN WEB\\SOURCE CODE PROGRAM\\PEMROGRAMAN WEB\\modul5laravel11\\vendor\\laravel\\framework\\src\\Illuminate\\Routing\\Router.php(750): Illuminate\\Routing\\Router->runRoute(Object(Illuminate\\Http\\Request), Object(Illuminate\\Routing\\Route))
#10 D:\\AL FITRA\\STUDI UMM\\SEMESTER 5\\PRAKTIKUM\\PEMROGRAMAN WEB\\SOURCE CODE PROGRAM\\PEMROGRAMAN WEB\\modul5laravel11\\vendor\\laravel\\framework\\src\\Illuminate\\Routing\\Router.php(739): Illuminate\\Routing\\Router->dispatchToRoute(Object(Illuminate\\Http\\Request))
#11 D:\\AL FITRA\\STUDI UMM\\SEMESTER 5\\PRAKTIKUM\\PEMROGRAMAN WEB\\SOURCE CODE PROGRAM\\PEMROGRAMAN WEB\\modul5laravel11\\vendor\\laravel\\framework\\src\\Illuminate\\Foundation\\Http\\Kernel.php(201): Illuminate\\Routing\\Router->dispatch(Object(Illuminate\\Http\\Request))
#12 D:\\AL FITRA\\STUDI UMM\\SEMESTER 5\\PRAKTIKUM\\PEMROGRAMAN WEB\\SOURCE CODE PROGRAM\\PEMROGRAMAN WEB\\modul5laravel11\\vendor\\laravel\\framework\\src\\Illuminate\\Pipeline\\Pipeline.php(144): Illuminate\\Foundation\\Http\\Kernel->Illuminate\\Foundation\\Http\\{closure}(Object(Illuminate\\Http\\Request))
#13 D:\\AL FITRA\\STUDI UMM\\SEMESTER 5\\PRAKTIKUM\\PEMROGRAMAN WEB\\SOURCE CODE PROGRAM\\PEMROGRAMAN WEB\\modul5laravel11\\vendor\\laravel\\framework\\src\\Illuminate\\Foundation\\Http\\Middleware\\TransformsRequest.php(21): Illuminate\\Pipeline\\Pipeline->Illuminate\\Pipeline\\{closure}(Object(Illuminate\\Http\\Request))
#14 D:\\AL FITRA\\STUDI UMM\\SEMESTER 5\\PRAKTIKUM\\PEMROGRAMAN WEB\\SOURCE CODE PROGRAM\\PEMROGRAMAN WEB\\modul5laravel11\\vendor\\laravel\\framework\\src\\Illuminate\\Foundation\\Http\\Middleware\\ConvertEmptyStringsToNull.php(31): Illuminate\\Foundation\\Http\\Middleware\\TransformsRequest->handle(Object(Illuminate\\Http\\Request), Object(Closure))
#15 D:\\AL FITRA\\STUDI UMM\\SEMESTER 5\\PRAKTIKUM\\PEMROGRAMAN WEB\\SOURCE CODE PROGRAM\\PEMROGRAMAN WEB\\modul5laravel11\\vendor\\laravel\\framework\\src\\Illuminate\\Pipeline\\Pipeline.php(183): Illuminate\\Foundation\\Http\\Middleware\\ConvertEmptyStringsToNull->handle(Object(Illuminate\\Http\\Request), Object(Closure))
#16 D:\\AL FITRA\\STUDI UMM\\SEMESTER 5\\PRAKTIKUM\\PEMROGRAMAN WEB\\SOURCE CODE PROGRAM\\PEMROGRAMAN WEB\\modul5laravel11\\vendor\\laravel\\framework\\src\\Illuminate\\Foundation\\Http\\Middleware\\TransformsRequest.php(21): Illuminate\\Pipeline\\Pipeline->Illuminate\\Pipeline\\{closure}(Object(Illuminate\\Http\\Request))
#17 D:\\AL FITRA\\STUDI UMM\\SEMESTER 5\\PRAKTIKUM\\PEMROGRAMAN WEB\\SOURCE CODE PROGRAM\\PEMROGRAMAN WEB\\modul5laravel11\\vendor\\laravel\\framework\\src\\Illuminate\\Foundation\\Http\\Middleware\\TrimStrings.php(51): Illuminate\\Foundation\\Http\\Middleware\\TransformsRequest->handle(Object(Illuminate\\Http\\Request), Object(Closure))
#18 D:\\AL FITRA\\STUDI UMM\\SEMESTER 5\\PRAKTIKUM\\PEMROGRAMAN WEB\\SOURCE CODE PROGRAM\\PEMROGRAMAN WEB\\modul5laravel11\\vendor\\laravel\\framework\\src\\Illuminate\\Pipeline\\Pipeline.php(183): Illuminate\\Foundation\\Http\\Middleware\\TrimStrings->handle(Object(Illuminate\\Http\\Request), Object(Closure))
#19 D:\\AL FITRA\\STUDI UMM\\SEMESTER 5\\PRAKTIKUM\\PEMROGRAMAN WEB\\SOURCE CODE PROGRAM\\PEMROGRAMAN WEB\\modul5laravel11\\vendor\\laravel\\framework\\src\\Illuminate\\Http\\Middleware\\ValidatePostSize.php(27): Illuminate\\Pipeline\\Pipeline->Illuminate\\Pipeline\\{closure}(Object(Illuminate\\Http\\Request))
#20 D:\\AL FITRA\\STUDI UMM\\SEMESTER 5\\PRAKTIKUM\\PEMROGRAMAN WEB\\SOURCE CODE PROGRAM\\PEMROGRAMAN WEB\\modul5laravel11\\vendor\\laravel\\framework\\src\\Illuminate\\Pipeline\\Pipeline.php(183): Illuminate\\Http\\Middleware\\ValidatePostSize->handle(Object(Illuminate\\Http\\Request), Object(Closure))
#21 D:\\AL FITRA\\STUDI UMM\\SEMESTER 5\\PRAKTIKUM\\PEMROGRAMAN WEB\\SOURCE CODE PROGRAM\\PEMROGRAMAN WEB\\modul5laravel11\\vendor\\laravel\\framework\\src\\Illuminate\\Foundation\\Http\\Middleware\\PreventRequestsDuringMaintenance.php(110): Illuminate\\Pipeline\\Pipeline->Illuminate\\Pipeline\\{closure}(Object(Illuminate\\Http\\Request))
#22 D:\\AL FITRA\\STUDI UMM\\SEMESTER 5\\PRAKTIKUM\\PEMROGRAMAN WEB\\SOURCE CODE PROGRAM\\PEMROGRAMAN WEB\\modul5laravel11\\vendor\\laravel\\framework\\src\\Illuminate\\Pipeline\\Pipeline.php(183): Illuminate\\Foundation\\Http\\Middleware\\PreventRequestsDuringMaintenance->handle(Object(Illuminate\\Http\\Request), Object(Closure))
#23 D:\\AL FITRA\\STUDI UMM\\SEMESTER 5\\PRAKTIKUM\\PEMROGRAMAN WEB\\SOURCE CODE PROGRAM\\PEMROGRAMAN WEB\\modul5laravel11\\vendor\\laravel\\framework\\src\\Illuminate\\Http\\Middleware\\HandleCors.php(62): Illuminate\\Pipeline\\Pipeline->Illuminate\\Pipeline\\{closure}(Object(Illuminate\\Http\\Request))
#24 D:\\AL FITRA\\STUDI UMM\\SEMESTER 5\\PRAKTIKUM\\PEMROGRAMAN WEB\\SOURCE CODE PROGRAM\\PEMROGRAMAN WEB\\modul5laravel11\\vendor\\laravel\\framework\\src\\Illuminate\\Pipeline\\Pipeline.php(183): Illuminate\\Http\\Middleware\\HandleCors->handle(Object(Illuminate\\Http\\Request), Object(Closure))
#25 D:\\AL FITRA\\STUDI UMM\\SEMESTER 5\\PRAKTIKUM\\PEMROGRAMAN WEB\\SOURCE CODE PROGRAM\\PEMROGRAMAN WEB\\modul5laravel11\\vendor\\laravel\\framework\\src\\Illuminate\\Http\\Middleware\\TrustProxies.php(58): Illuminate\\Pipeline\\Pipeline->Illuminate\\Pipeline\\{closure}(Object(Illuminate\\Http\\Request))
#26 D:\\AL FITRA\\STUDI UMM\\SEMESTER 5\\PRAKTIKUM\\PEMROGRAMAN WEB\\SOURCE CODE PROGRAM\\PEMROGRAMAN WEB\\modul5laravel11\\vendor\\laravel\\framework\\src\\Illuminate\\Pipeline\\Pipeline.php(183): Illuminate\\Http\\Middleware\\TrustProxies->handle(Object(Illuminate\\Http\\Request), Object(Closure))
#27 D:\\AL FITRA\\STUDI UMM\\SEMESTER 5\\PRAKTIKUM\\PEMROGRAMAN WEB\\SOURCE CODE PROGRAM\\PEMROGRAMAN WEB\\modul5laravel11\\vendor\\laravel\\framework\\src\\Illuminate\\Foundation\\Http\\Middleware\\InvokeDeferredCallbacks.php(22): Illuminate\\Pipeline\\Pipeline->Illuminate\\Pipeline\\{closure}(Object(Illuminate\\Http\\Request))
#28 D:\\AL FITRA\\STUDI UMM\\SEMESTER 5\\PRAKTIKUM\\PEMROGRAMAN WEB\\SOURCE CODE PROGRAM\\PEMROGRAMAN WEB\\modul5laravel11\\vendor\\laravel\\framework\\src\\Illuminate\\Pipeline\\Pipeline.php(183): Illuminate\\Foundation\\Http\\Middleware\\InvokeDeferredCallbacks->handle(Object(Illuminate\\Http\\Request), Object(Closure))
#29 D:\\AL FITRA\\STUDI UMM\\SEMESTER 5\\PRAKTIKUM\\PEMROGRAMAN WEB\\SOURCE CODE PROGRAM\\PEMROGRAMAN WEB\\modul5laravel11\\vendor\\laravel\\framework\\src\\Illuminate\\Pipeline\\Pipeline.php(119): Illuminate\\Pipeline\\Pipeline->Illuminate\\Pipeline\\{closure}(Object(Illuminate\\Http\\Request))
#30 D:\\AL FITRA\\STUDI UMM\\SEMESTER 5\\PRAKTIKUM\\PEMROGRAMAN WEB\\SOURCE CODE PROGRAM\\PEMROGRAMAN WEB\\modul5laravel11\\vendor\\laravel\\framework\\src\\Illuminate\\Foundation\\Http\\Kernel.php(176): Illuminate\\Pipeline\\Pipeline->then(Object(Closure))
#31 D:\\AL FITRA\\STUDI UMM\\SEMESTER 5\\PRAKTIKUM\\PEMROGRAMAN WEB\\SOURCE CODE PROGRAM\\PEMROGRAMAN WEB\\modul5laravel11\\vendor\\laravel\\framework\\src\\Illuminate\\Foundation\\Http\\Kernel.php(145): Illuminate\\Foundation\\Http\\Kernel->sendRequestThroughRouter(Object(Illuminate\\Http\\Request))
#32 D:\\AL FITRA\\STUDI UMM\\SEMESTER 5\\PRAKTIKUM\\PEMROGRAMAN WEB\\SOURCE CODE PROGRAM\\PEMROGRAMAN WEB\\modul5laravel11\\vendor\\laravel\\framework\\src\\Illuminate\\Foundation\\Application.php(1190): Illuminate\\Foundation\\Http\\Kernel->handle(Object(Illuminate\\Http\\Request))
#33 D:\\AL FITRA\\STUDI UMM\\SEMESTER 5\\PRAKTIKUM\\PEMROGRAMAN WEB\\SOURCE CODE PROGRAM\\PEMROGRAMAN WEB\\modul5laravel11\\public\\index.php(17): Illuminate\\Foundation\\Application->handleRequest(Object(Illuminate\\Http\\Request))
#34 D:\\AL FITRA\\STUDI UMM\\SEMESTER 5\\PRAKTIKUM\\PEMROGRAMAN WEB\\SOURCE CODE PROGRAM\\PEMROGRAMAN WEB\\modul5laravel11\\vendor\\laravel\\framework\\src\\Illuminate\\Foundation\\resources\\server.php(23): require_once('D:\\\\AL FITRA\\\\STU...')
#35 {main}
"} 
